<?xml version="1.0" encoding="UTF-8"?>
<testsuite xmlns:xsi="http://www.w3.org/2001/XMLSchema-instance" xsi:noNamespaceSchemaLocation="https://maven.apache.org/surefire/maven-surefire-plugin/xsd/surefire-test-report.xsd" version="3.0.2" name="PaymentService.PaymentServiceApplicationTests" time="34.376" tests="1" errors="0" skipped="0" failures="0">
  <properties>
[...]
</properties>
  <testcase name="contextLoads" classname="PaymentService.PaymentServiceApplicationTests" time="3.884">
    <system-out><![CDATA[18:21:06.677 [main] INFO org.springframework.test.context.support.AnnotationConfigContextLoaderUtils -- Could not detect default configuration classes for test class [PaymentService.PaymentServiceApplicationTests]: PaymentServiceApplicationTests does not declare any static, non-private, non-final, nested classes annotated with @Configuration.
18:21:06.973 [main] INFO org.springframework.boot.test.context.SpringBootTestContextBootstrapper -- Found @SpringBootConfiguration PaymentService.PaymentServiceApplication for test class PaymentService.PaymentServiceApplicationTests

  .   ____          _            __ _ _
 /\\ / ___'_ __ _ _(_)_ __  __ _ \ \ \ \
( ( )\___ | '_ | '_| | '_ \/ _` | \ \ \ \
 \\/  ___)| |_)| | | | | || (_| |  ) ) ) )
  '  |____| .__|_| |_|_| |_\__, | / / / /
 =========|_|==============|___/=/_/_/_/

 :: Spring Boot ::                (v3.4.4)

2025-04-14T18:21:09.418+05:30  WARN 10300 --- [PaymentService] [           main] ory$DuplicateJsonObjectContextCustomizer : 

Found multiple occurrences of org.json.JSONObject on the class path:

	jar:file:/C:/Users/lenovo/.m2/repository/org/json/json/20231013/json-20231013.jar!/org/json/JSONObject.class
	jar:file:/C:/Users/lenovo/.m2/repository/com/vaadin/external/google/android-json/0.0.20131108.vaadin1/android-json-0.0.20131108.vaadin1.jar!/org/json/JSONObject.class

You may wish to exclude one of them to ensure predictable runtime behavior

2025-04-14T18:21:09.497+05:30  INFO 10300 --- [PaymentService] [           main] P.PaymentServiceApplicationTests         : Starting PaymentServiceApplicationTests using Java 17.0.3 with PID 10300 (started by lenovo in C:\Users\lenovo\Desktop\BookInventory\PaymentService)
2025-04-14T18:21:09.501+05:30  INFO 10300 --- [PaymentService] [           main] P.PaymentServiceApplicationTests         : No active profile set, falling back to 1 default profile: "default"
2025-04-14T18:21:14.116+05:30  INFO 10300 --- [PaymentService] [           main] .s.d.r.c.RepositoryConfigurationDelegate : Bootstrapping Spring Data JPA repositories in DEFAULT mode.
2025-04-14T18:21:14.327+05:30  INFO 10300 --- [PaymentService] [           main] .s.d.r.c.RepositoryConfigurationDelegate : Finished Spring Data repository scanning in 183 ms. Found 1 JPA repository interface.
2025-04-14T18:21:16.793+05:30  INFO 10300 --- [PaymentService] [           main] o.hibernate.jpa.internal.util.LogHelper  : HHH000204: Processing PersistenceUnitInfo [name: default]
2025-04-14T18:21:17.612+05:30  INFO 10300 --- [PaymentService] [           main] org.hibernate.Version                    : HHH000412: Hibernate ORM core version 6.6.11.Final
2025-04-14T18:21:18.150+05:30  INFO 10300 --- [PaymentService] [           main] o.h.c.internal.RegionFactoryInitiator    : HHH000026: Second-level cache disabled
2025-04-14T18:21:19.072+05:30  INFO 10300 --- [PaymentService] [           main] o.s.o.j.p.SpringPersistenceUnitInfo      : No LoadTimeWeaver setup: ignoring JPA class transformer
2025-04-14T18:21:19.196+05:30  INFO 10300 --- [PaymentService] [           main] com.zaxxer.hikari.HikariDataSource       : HikariPool-1 - Starting...
2025-04-14T18:21:20.849+05:30  INFO 10300 --- [PaymentService] [           main] com.zaxxer.hikari.pool.HikariPool        : HikariPool-1 - Added connection org.postgresql.jdbc.PgConnection@12f8682a
2025-04-14T18:21:20.856+05:30  INFO 10300 --- [PaymentService] [           main] com.zaxxer.hikari.HikariDataSource       : HikariPool-1 - Start completed.
2025-04-14T18:21:21.046+05:30  WARN 10300 --- [PaymentService] [           main] org.hibernate.orm.deprecation            : HHH90000025: PostgreSQLDialect does not need to be specified explicitly using 'hibernate.dialect' (remove the property setting and it will be selected by default)
2025-04-14T18:21:21.155+05:30  INFO 10300 --- [PaymentService] [           main] org.hibernate.orm.connections.pooling    : HHH10001005: Database info:
	Database JDBC URL [Connecting through datasource 'HikariDataSource (HikariPool-1)']
	Database driver: undefined/unknown
	Database version: 16.1
	Autocommit mode: undefined/unknown
	Isolation level: undefined/unknown
	Minimum pool size: undefined/unknown
	Maximum pool size: undefined/unknown
2025-04-14T18:21:26.323+05:30  INFO 10300 --- [PaymentService] [           main] o.h.e.t.j.p.i.JtaPlatformInitiator       : HHH000489: No JTA platform available (set 'hibernate.transaction.jta.platform' to enable JTA platform integration)
2025-04-14T18:21:26.527+05:30  INFO 10300 --- [PaymentService] [           main] j.LocalContainerEntityManagerFactoryBean : Initialized JPA EntityManagerFactory for persistence unit 'default'
2025-04-14T18:21:30.696+05:30  WARN 10300 --- [PaymentService] [           main] JpaBaseConfiguration$JpaWebConfiguration : spring.jpa.open-in-view is enabled by default. Therefore, database queries may be performed during view rendering. Explicitly configure spring.jpa.open-in-view to disable this warning
2025-04-14T18:21:35.584+05:30  INFO 10300 --- [PaymentService] [           main] o.s.a.r.c.CachingConnectionFactory       : Attempting to connect to: [localhost:5672]
2025-04-14T18:21:36.090+05:30  INFO 10300 --- [PaymentService] [           main] o.s.a.r.c.CachingConnectionFactory       : Created new connection: rabbitConnectionFactory#5625ba2:0/SimpleConnection@38624a3a [delegate=amqp://guest@127.0.0.1:5672/, localPort=61339]
2025-04-14T18:21:36.536+05:30  INFO 10300 --- [PaymentService] [           main] P.PaymentServiceApplicationTests         : Started PaymentServiceApplicationTests in 28.009 seconds (process running for 34.441)
]]></system-out>
  </testcase>
</testsuite>